<?xml version="1.0" encoding="UTF-8"?>
<testng-results total="1" passed="1" failed="0" skipped="0">
  <reporter-output>
  </reporter-output>
  <suite started-at="2018-04-07T17:49:50Z" name="Default suite" finished-at="2018-04-07T17:51:02Z" duration-ms="71857">
    <groups>
    </groups>
    <test started-at="2018-04-07T17:49:50Z" name="Default test" finished-at="2018-04-07T17:51:02Z" duration-ms="71857">
      <class name="GoogleAccount.test.DriverScriptKeyWrd">
        <test-method signature="DriverTest()[pri:0, instance:GoogleAccount.test.DriverScriptKeyWrd@c86b9e3]" started-at="2018-04-07T23:19:50Z" name="DriverTest" finished-at="2018-04-07T23:21:02Z" duration-ms="71833" status="PASS">
          <reporter-output>
          </reporter-output>
        </test-method> <!-- DriverTest -->
      </class> <!-- GoogleAccount.test.DriverScriptKeyWrd -->
    </test> <!-- Default test -->
  </suite> <!-- Default suite -->
</testng-results>
